Build started 5/29/2012 5:22:10 PM.
     1>Project "C:\cygwin\home\maarten\uva\afstuderen\crax\VisualXabsl\src\XabslEngine\XabslEngine.vcxproj" on node 2 (Build target(s)).
         C:\Program Files (x86)\Microsoft Visual Studio 11.0\VC\bin\CL.exe /c /ZI /nologo /W3 /WX- /Od /Oy- /D WIN32 /D _DEBUG /D _WINDOWS /D _USRDLL /D TESTDLLAPPLICATION_EXPORTS /D _WINDLL /D _UNICODE /D UNICODE /Gm /EHsc /RTC1 /MDd /GS /fp:precise /Zc:wchar_t /Zc:forScope /Yu"stdafx.h" /Fp"Debug\XabslEngine.pch" /Fo"Debug\//" /Fd"Debug\vc110.pdb" /Gd /TP /analyze- /errorReport:prompt BasicBehaviorImplementation.h main.cpp
         BasicBehaviorImplementation.h
     1>c:\cygwin\home\maarten\uva\afstuderen\crax\visualxabsl\src\xabslengine\tools\xabsl\xabsl\xabslengine\xabslarray.h(36): warning C4996: 'strcpy': This function or variable may be unsafe. Consider using strcpy_s instead. To disable deprecation, use _CRT_SECURE_NO_WARNINGS. See online help for details.
                 c:\program files (x86)\microsoft visual studio 11.0\vc\include\string.h(110) : see declaration of 'strcpy'
         Generating Code...
         Skipping... (no relevant changes detected)
         main.cpp
         C:\Program Files (x86)\Microsoft Visual Studio 11.0\VC\bin\link.exe /ERRORREPORT:PROMPT /OUT:"C:\cygwin\home\maarten\uva\afstuderen\crax\VisualXabsl\Debug\XabslEngine.dll" /INCREMENTAL /NOLOGO kernel32.lib user32.lib gdi32.lib winspool.lib comdlg32.lib advapi32.lib shell32.lib ole32.lib oleaut32.lib uuid.lib odbc32.lib odbccp32.lib kernel32.lib user32.lib gdi32.lib winspool.lib comdlg32.lib advapi32.lib shell32.lib ole32.lib oleaut32.lib uuid.lib odbc32.lib odbccp32.lib /DEF:"Source.def" /MANIFEST /ManifestFile:"Debug\XabslEngine.dll.intermediate.manifest" /MANIFESTUAC:"level='asInvoker' uiAccess='false'" /DEBUG /PDB:"C:\cygwin\home\maarten\uva\afstuderen\crax\VisualXabsl\Debug\XabslEngine.pdb" /SUBSYSTEM:WINDOWS /TLBID:1 /DYNAMICBASE /NXCOMPAT /IMPLIB:"C:\cygwin\home\maarten\uva\afstuderen\crax\VisualXabsl\Debug\XabslEngine.lib" /MACHINE:X86 /DLL Debug\//dllmain.obj
         Debug\//BasicBehaviorImplementation.cpp.obj
         Debug\//BasicBehaviorImplementation.obj
         Debug\//Tools.obj
         Debug\//stdafx.obj
         Debug\//main.obj
         Debug\//WorldState.obj
         Debug\XabslEngine.dll.embed.manifest.res
            Creating library C:\cygwin\home\maarten\uva\afstuderen\crax\VisualXabsl\Debug\XabslEngine.lib and object C:\cygwin\home\maarten\uva\afstuderen\crax\VisualXabsl\Debug\XabslEngine.exp
     1>main.obj : error LNK2019: unresolved external symbol "public: void __thiscall xabsl::Parameters::registerDecimal(char const *,double &)" (?registerDecimal@Parameters@xabsl@@QAEXPBDAAN@Z) referenced in function "public: virtual void __thiscall TestBehavior::registerParameters(void)" (?registerParameters@TestBehavior@@UAEXXZ)
     1>main.obj : error LNK2019: unresolved external symbol "public: void __thiscall xabsl::Symbols::registerDecimalInputSymbol(char const *,double (__cdecl*)(void))" (?registerDecimalInputSymbol@Symbols@xabsl@@QAEXPBDP6ANXZ@Z) referenced in function "void __cdecl Initialize(void)" (?Initialize@@YAXXZ)
     1>main.obj : error LNK2019: unresolved external symbol "public: __thiscall xabsl::Engine::Engine(class xabsl::ErrorHandler &,unsigned int (__cdecl*)(void))" (??0Engine@xabsl@@QAE@AAVErrorHandler@1@P6AIXZ@Z) referenced in function "void __cdecl Initialize(void)" (?Initialize@@YAXXZ)
     1>main.obj : error LNK2019: unresolved external symbol "public: void __thiscall xabsl::Engine::createOptionGraph(class xabsl::InputSource &)" (?createOptionGraph@Engine@xabsl@@QAEXAAVInputSource@2@@Z) referenced in function "void __cdecl Initialize(void)" (?Initialize@@YAXXZ)
     1>main.obj : error LNK2019: unresolved external symbol "public: void __thiscall xabsl::Engine::registerBasicBehavior(class xabsl::BasicBehavior &)" (?registerBasicBehavior@Engine@xabsl@@QAEXAAVBasicBehavior@2@@Z) referenced in function "void __cdecl Initialize(void)" (?Initialize@@YAXXZ)
     1>C:\cygwin\home\maarten\uva\afstuderen\crax\VisualXabsl\Debug\XabslEngine.dll : fatal error LNK1120: 5 unresolved externals
     1>Done Building Project "C:\cygwin\home\maarten\uva\afstuderen\crax\VisualXabsl\src\XabslEngine\XabslEngine.vcxproj" (Build target(s)) -- FAILED.

Build FAILED.

Time Elapsed 00:00:01.55
